<?xml version="1.0" encoding="UTF-8"?>
<testng-results skipped="0" failed="0" total="1" passed="1">
  <reporter-output>
  </reporter-output>
  <suite name="Default suite" duration-ms="93340" started-at="2016-03-09T01:44:04Z" finished-at="2016-03-09T01:45:37Z">
    <groups>
    </groups>
    <test name="Default test" duration-ms="93340" started-at="2016-03-09T01:44:04Z" finished-at="2016-03-09T01:45:37Z">
      <class name="keyword.driverscript">
        <test-method status="PASS" signature="driver()[pri:0, instance:keyword.driverscript@76fb7505]" name="driver" duration-ms="93283" started-at="2016-03-09T07:14:04Z" finished-at="2016-03-09T07:15:37Z">
          <reporter-output>
          </reporter-output>
        </test-method> <!-- driver -->
      </class> <!-- keyword.driverscript -->
    </test> <!-- Default test -->
  </suite> <!-- Default suite -->
</testng-results>
