<?xml version="1.0" encoding="UTF-8"?>
<!-- Generated by org.testng.reporters.JUnitXMLReporter -->
<testsuite hostname="Mypc" name="Test" tests="2" failures="0" timestamp="25 Feb 2016 04:52:32 GMT" time="0.066" errors="0">
  <testcase name="@BeforeSuite lanchbr" time="0.0" classname="Day17.EmpReg">
    <failure type="java.lang.AssertionError" message="Launch App Failed expected [btnLogi] but found [btnLogin]">
      <![CDATA[java.lang.AssertionError: Launch App Failed expected [btnLogi] but found [btnLogin]
	at Day17.orgmaster.lanchbr(orgmaster.java:35)
... Removed 22 stack frames]]>
    </failure>
  </testcase> <!-- @BeforeSuite lanchbr -->
  <testcase name="@BeforeTest login" time="0.0" classname="Day17.EmpReg">
    <skipped/>
  </testcase> <!-- @BeforeTest login -->
  <testcase name="@AfterTest logout" time="0.0" classname="Day17.EmpReg">
    <skipped/>
  </testcase> <!-- @AfterTest logout -->
  <testcase name="empreg" time="0.005" classname="Day17.EmpReg">
    <skipped/>
  </testcase> <!-- empreg -->
  <testcase name="ureg" time="0.001" classname="Day17.userreg">
    <skipped/>
  </testcase> <!-- ureg -->
</testsuite> <!-- Test -->
